{
  "stats": {
    "suites": 1,
    "tests": 2,
    "passes": 2,
    "pending": 0,
    "failures": 0,
    "start": "2024-01-10T20:39:10.157Z",
    "end": "2024-01-10T20:40:02.149Z",
    "duration": 51992,
    "testsRegistered": 2,
    "passPercent": 100,
    "pendingPercent": 0,
    "other": 0,
    "hasOther": false,
    "skipped": 0,
    "hasSkipped": false
  },
  "results": [
    {
      "uuid": "c41d6076-45a8-4402-9d44-f66130ec5f90",
      "title": "",
      "fullFile": "cypress\\e2e\\compraProduto.cy.js",
      "file": "cypress\\e2e\\compraProduto.cy.js",
      "beforeHooks": [],
      "afterHooks": [],
      "tests": [],
      "suites": [
        {
          "uuid": "02036f1a-aeda-4154-8036-b25553f7009d",
          "title": "Realizar uma compra no site Amazon",
          "fullFile": "",
          "file": "",
          "beforeHooks": [],
          "afterHooks": [],
          "tests": [
            {
              "title": "Comprar produto diretamente",
              "fullTitle": "Realizar uma compra no site Amazon Comprar produto diretamente",
              "timedOut": null,
              "duration": 24495,
              "state": "passed",
              "speed": "slow",
              "pass": true,
              "fail": false,
              "pending": false,
              "context": null,
              "code": "//Acessar site\ncy.visit('amazon.com.br');\ncy.on('uncaught:exception', (err, runnable) => {\n  return false;\n});\n//Pesquisar produto\ncy.get('#twotabsearchtextbox').type('Livro Happy Potter');\ncy.get('#nav-search-submit-button').click();\ncy.contains('Harry Potter e a Câmara Secreta: 2').click();\n//Comprar agora\ncy.get('#buy-now-button').click();\n// login\ncy.get('#ap_email').type(username);\ncy.get('.a-button-inner > #continue').click();\ncy.get('#ap_password').type(password);\ncy.get('#signInSubmit').click();\ncy.get('h1').contains(\"Finalizar a compra (1 item)\");",
              "err": {},
              "uuid": "8ff627f2-5559-4306-9cbb-904a49bc2e0b",
              "parentUUID": "02036f1a-aeda-4154-8036-b25553f7009d",
              "isHook": false,
              "skipped": false
            },
            {
              "title": "Adicionar produto - Carrinho",
              "fullTitle": "Realizar uma compra no site Amazon Adicionar produto - Carrinho",
              "timedOut": null,
              "duration": 24249,
              "state": "passed",
              "speed": "slow",
              "pass": true,
              "fail": false,
              "pending": false,
              "context": null,
              "code": "//Acessar site\ncy.visit('amazon.com.br');\ncy.on('uncaught:exception', (err, runnable) => {\n  return false;\n});\n//Pesquisar produto\ncy.get('#twotabsearchtextbox').type('Livro Happy Potter');\ncy.get('#nav-search-submit-button').click();\ncy.contains('Harry Potter e a Câmara Secreta: 2').click();\n//Adicionar produto - Carrinho \ncy.get('#add-to-cart-button').click();\ncy.get('#sw-atc-details-single-container').contains('Adicionado ao carrinho');\n//Finalizar compra - Carrinho \ncy.get('#sc-buy-box-ptc-button > .a-button-inner > .a-button-input').click();\n//login\ncy.get('#ap_email').type(username);\ncy.get('.a-button-inner > #continue').click();\ncy.get('#ap_password').type(password);\ncy.get('#signInSubmit').click();\ncy.get('h1').contains(\"Finalizar a compra (1 item)\");",
              "err": {},
              "uuid": "030a31fb-e141-415c-9e1f-d197591d8edb",
              "parentUUID": "02036f1a-aeda-4154-8036-b25553f7009d",
              "isHook": false,
              "skipped": false
            }
          ],
          "suites": [],
          "passes": [
            "8ff627f2-5559-4306-9cbb-904a49bc2e0b",
            "030a31fb-e141-415c-9e1f-d197591d8edb"
          ],
          "failures": [],
          "pending": [],
          "skipped": [],
          "duration": 48744,
          "root": false,
          "rootEmpty": false,
          "_timeout": 2000
        }
      ],
      "passes": [],
      "failures": [],
      "pending": [],
      "skipped": [],
      "duration": 0,
      "root": true,
      "rootEmpty": true,
      "_timeout": 2000
    }
  ],
  "meta": {
    "mocha": {
      "version": "7.0.1"
    },
    "mochawesome": {
      "options": {
        "quiet": false,
        "reportFilename": "mochawesome",
        "saveHtml": true,
        "saveJson": true,
        "consoleReporter": "spec",
        "useInlineDiffs": false,
        "code": true
      },
      "version": "7.1.3"
    },
    "marge": {
      "options": null,
      "version": "6.2.0"
    }
  }
}